<?xml version="1.0" encoding="UTF-8"?>
<!-- Generated by org.testng.reporters.JUnitReportReporter -->
<testsuite hostname="JOLIN-20150326Q" name="testcase.DebugCase" tests="1" failures="0" timestamp="10 Nov 2016 09:46:33 GMT" time="35.461" errors="0">
  <testcase name="loginAmr" time="35.461" classname="testcase.DebugCase"/>
</testsuite> <!-- testcase.DebugCase -->
