<?xml version="1.0" encoding="UTF-8"?>
<!-- Generated by org.testng.reporters.JUnitReportReporter -->
<testsuite hostname="JOLIN-20150326Q" name="base.MyBrowser" tests="1" failures="0" timestamp="3 Nov 2016 09:12:31 GMT" time="41.232" errors="0">
  <testcase name="loginAmr" time="41.232" classname="base.MyBrowser"/>
</testsuite> <!-- base.MyBrowser -->
