<?xml version="1.0" encoding="UTF-8"?>
<!-- Generated by org.testng.reporters.JUnitReportReporter -->
<testsuite hostname="JOLIN-20150326Q" name="testcase.DebugCase2" tests="2" failures="0" timestamp="10 Nov 2016 08:54:00 GMT" time="127.545" errors="0">
  <testcase name="test" time="2.955" classname="testcase.DebugCase2"/>
  <testcase name="test2" time="124.590" classname="testcase.DebugCase2"/>
</testsuite> <!-- testcase.DebugCase2 -->
